Determining if the std::aligned_alloc exist failed with the following output:
Change Dir: /g/g17/wood67/src/cleverleaf/apollo-test/RelWithDebInfo/build/RAJA/CMakeFiles/CMakeTmp

Run Build Command(s):/usr/bin/gmake cmTC_2d34b/fast 
/usr/bin/gmake -f CMakeFiles/cmTC_2d34b.dir/build.make CMakeFiles/cmTC_2d34b.dir/build
gmake[1]: Entering directory `/g/g17/wood67/src/cleverleaf/apollo-test/RelWithDebInfo/build/RAJA/CMakeFiles/CMakeTmp'
Building C object CMakeFiles/cmTC_2d34b.dir/CheckSymbolExists.c.o
/usr/tce/packages/gcc/gcc-4.9.3/bin/gcc   -Wall -Wextra   -fPIE   -o CMakeFiles/cmTC_2d34b.dir/CheckSymbolExists.c.o   -c /g/g17/wood67/src/cleverleaf/apollo-test/RelWithDebInfo/build/RAJA/CMakeFiles/CMakeTmp/CheckSymbolExists.c
/g/g17/wood67/src/cleverleaf/apollo-test/RelWithDebInfo/build/RAJA/CMakeFiles/CMakeTmp/CheckSymbolExists.c: In function 'main':
/g/g17/wood67/src/cleverleaf/apollo-test/RelWithDebInfo/build/RAJA/CMakeFiles/CMakeTmp/CheckSymbolExists.c:7:12: warning: extra tokens at end of #ifndef directive
 #ifndef std::aligned_alloc
            ^
/g/g17/wood67/src/cleverleaf/apollo-test/RelWithDebInfo/build/RAJA/CMakeFiles/CMakeTmp/CheckSymbolExists.c:8:19: error: 'std' undeclared (first use in this function)
   return ((int*)(&std::aligned_alloc))[argc];
                   ^
/g/g17/wood67/src/cleverleaf/apollo-test/RelWithDebInfo/build/RAJA/CMakeFiles/CMakeTmp/CheckSymbolExists.c:8:19: note: each undeclared identifier is reported only once for each function it appears in
/g/g17/wood67/src/cleverleaf/apollo-test/RelWithDebInfo/build/RAJA/CMakeFiles/CMakeTmp/CheckSymbolExists.c:8:22: error: expected ')' before ':' token
   return ((int*)(&std::aligned_alloc))[argc];
                      ^
/g/g17/wood67/src/cleverleaf/apollo-test/RelWithDebInfo/build/RAJA/CMakeFiles/CMakeTmp/CheckSymbolExists.c:4:14: warning: parameter 'argc' set but not used [-Wunused-but-set-parameter]
 int main(int argc, char** argv)
              ^
/g/g17/wood67/src/cleverleaf/apollo-test/RelWithDebInfo/build/RAJA/CMakeFiles/CMakeTmp/CheckSymbolExists.c:13:1: warning: control reaches end of non-void function [-Wreturn-type]
 }
 ^
gmake[1]: *** [CMakeFiles/cmTC_2d34b.dir/CheckSymbolExists.c.o] Error 1
gmake[1]: Leaving directory `/g/g17/wood67/src/cleverleaf/apollo-test/RelWithDebInfo/build/RAJA/CMakeFiles/CMakeTmp'
gmake: *** [cmTC_2d34b/fast] Error 2

File /g/g17/wood67/src/cleverleaf/apollo-test/RelWithDebInfo/build/RAJA/CMakeFiles/CMakeTmp/CheckSymbolExists.c:
/* */
#include <stdlib.h>

int main(int argc, char** argv)
{
  (void)argv;
#ifndef std::aligned_alloc
  return ((int*)(&std::aligned_alloc))[argc];
#else
  (void)argc;
  return 0;
#endif
}

Determining if the _mm_malloc exist failed with the following output:
Change Dir: /g/g17/wood67/src/cleverleaf/apollo-test/RelWithDebInfo/build/RAJA/CMakeFiles/CMakeTmp

Run Build Command(s):/usr/bin/gmake cmTC_d285b/fast 
/usr/bin/gmake -f CMakeFiles/cmTC_d285b.dir/build.make CMakeFiles/cmTC_d285b.dir/build
gmake[1]: Entering directory `/g/g17/wood67/src/cleverleaf/apollo-test/RelWithDebInfo/build/RAJA/CMakeFiles/CMakeTmp'
Building C object CMakeFiles/cmTC_d285b.dir/CheckSymbolExists.c.o
/usr/tce/packages/gcc/gcc-4.9.3/bin/gcc   -Wall -Wextra   -fPIE   -o CMakeFiles/cmTC_d285b.dir/CheckSymbolExists.c.o   -c /g/g17/wood67/src/cleverleaf/apollo-test/RelWithDebInfo/build/RAJA/CMakeFiles/CMakeTmp/CheckSymbolExists.c
/g/g17/wood67/src/cleverleaf/apollo-test/RelWithDebInfo/build/RAJA/CMakeFiles/CMakeTmp/CheckSymbolExists.c: In function 'main':
/g/g17/wood67/src/cleverleaf/apollo-test/RelWithDebInfo/build/RAJA/CMakeFiles/CMakeTmp/CheckSymbolExists.c:7:19: error: '_mm_malloc' undeclared (first use in this function)
   return ((int*)(&_mm_malloc))[argc];
                   ^
/g/g17/wood67/src/cleverleaf/apollo-test/RelWithDebInfo/build/RAJA/CMakeFiles/CMakeTmp/CheckSymbolExists.c:7:19: note: each undeclared identifier is reported only once for each function it appears in
/g/g17/wood67/src/cleverleaf/apollo-test/RelWithDebInfo/build/RAJA/CMakeFiles/CMakeTmp/CheckSymbolExists.c:3:14: warning: parameter 'argc' set but not used [-Wunused-but-set-parameter]
 int main(int argc, char** argv)
              ^
/g/g17/wood67/src/cleverleaf/apollo-test/RelWithDebInfo/build/RAJA/CMakeFiles/CMakeTmp/CheckSymbolExists.c:12:1: warning: control reaches end of non-void function [-Wreturn-type]
 }
 ^
gmake[1]: *** [CMakeFiles/cmTC_d285b.dir/CheckSymbolExists.c.o] Error 1
gmake[1]: Leaving directory `/g/g17/wood67/src/cleverleaf/apollo-test/RelWithDebInfo/build/RAJA/CMakeFiles/CMakeTmp'
gmake: *** [cmTC_d285b/fast] Error 2

File /g/g17/wood67/src/cleverleaf/apollo-test/RelWithDebInfo/build/RAJA/CMakeFiles/CMakeTmp/CheckSymbolExists.c:
/* */

int main(int argc, char** argv)
{
  (void)argv;
#ifndef _mm_malloc
  return ((int*)(&_mm_malloc))[argc];
#else
  (void)argc;
  return 0;
#endif
}

