Determining if the pthread_create exist failed with the following output:
Change Dir: /g/g17/wood67/src/cleverleaf/apollo-test/RelWithDebInfo/build/SAMRAI/CMakeFiles/CMakeTmp

Run Build Command(s):/usr/bin/gmake cmTC_20e71/fast 
/usr/bin/gmake -f CMakeFiles/cmTC_20e71.dir/build.make CMakeFiles/cmTC_20e71.dir/build
gmake[1]: Entering directory `/g/g17/wood67/src/cleverleaf/apollo-test/RelWithDebInfo/build/SAMRAI/CMakeFiles/CMakeTmp'
Building C object CMakeFiles/cmTC_20e71.dir/CheckSymbolExists.c.o
/usr/tce/packages/gcc/gcc-4.9.3/bin/gcc   -Wall -Wextra   -fPIE   -o CMakeFiles/cmTC_20e71.dir/CheckSymbolExists.c.o   -c /g/g17/wood67/src/cleverleaf/apollo-test/RelWithDebInfo/build/SAMRAI/CMakeFiles/CMakeTmp/CheckSymbolExists.c
Linking C executable cmTC_20e71
/g/g17/wood67/src/spack/opt/spack/linux-rhel7-x86_64/gcc-4.9.3/cmake-3.14.2-e2vmvqwgjtcnpj6l5vlr3wmenrqhkqle/bin/cmake -E cmake_link_script CMakeFiles/cmTC_20e71.dir/link.txt --verbose=1
/usr/tce/packages/gcc/gcc-4.9.3/bin/gcc   -Wall -Wextra      -rdynamic CMakeFiles/cmTC_20e71.dir/CheckSymbolExists.c.o  -o cmTC_20e71 
CMakeFiles/cmTC_20e71.dir/CheckSymbolExists.c.o: In function `main':
CheckSymbolExists.c:(.text+0x1b): undefined reference to `pthread_create'
collect2: error: ld returned 1 exit status
gmake[1]: *** [cmTC_20e71] Error 1
gmake[1]: Leaving directory `/g/g17/wood67/src/cleverleaf/apollo-test/RelWithDebInfo/build/SAMRAI/CMakeFiles/CMakeTmp'
gmake: *** [cmTC_20e71/fast] Error 2

File /g/g17/wood67/src/cleverleaf/apollo-test/RelWithDebInfo/build/SAMRAI/CMakeFiles/CMakeTmp/CheckSymbolExists.c:
/* */
#include <pthread.h>

int main(int argc, char** argv)
{
  (void)argv;
#ifndef pthread_create
  return ((int*)(&pthread_create))[argc];
#else
  (void)argc;
  return 0;
#endif
}

